<?xml version="1.0" encoding="UTF-8"?>
<testng-results skipped="0" failed="0" ignored="0" total="2" passed="2">
  <reporter-output>
    <line>
      <![CDATA[Browser Launched and URL opened]]>
    </line>
    <line>
      <![CDATA[Firstname entered]]>
    </line>
    <line>
      <![CDATA[clicked on submit button]]>
    </line>
    <line>
      <![CDATA[Browser Launched and URL opened]]>
    </line>
  </reporter-output>
  <suite name="Default suite" duration-ms="26442" started-at="2018-05-19T10:21:01Z" finished-at="2018-05-19T10:21:28Z">
    <groups>
      <group name="smoke">
        <method signature="TestCases.tc001()[pri:0, instance:TestFramework.TestCases@5faeada1]" name="tc001" class="TestFramework.TestCases"/>
        <method signature="TestCases.tc002()[pri:1, instance:TestFramework.TestCases@5faeada1]" name="tc002" class="TestFramework.TestCases"/>
      </group> <!-- smoke -->
    </groups>
    <test name="Default test" duration-ms="26442" started-at="2018-05-19T10:21:01Z" finished-at="2018-05-19T10:21:28Z">
      <class name="TestFramework.TestCases">
        <test-method status="PASS" signature="launchBrowser()[pri:0, instance:TestFramework.TestCases@5faeada1]" name="launchBrowser" is-config="true" duration-ms="13391" started-at="2018-05-19T10:21:01Z" finished-at="2018-05-19T10:21:15Z">
          <reporter-output>
            <line>
              <![CDATA[Browser Launched and URL opened]]>
            </line>
          </reporter-output>
        </test-method> <!-- launchBrowser -->
        <test-method status="PASS" signature="tc001()[pri:0, instance:TestFramework.TestCases@5faeada1]" name="tc001" duration-ms="337" started-at="2018-05-19T10:21:15Z" description="Enter first NAME" finished-at="2018-05-19T10:21:15Z">
          <reporter-output>
            <line>
              <![CDATA[Firstname entered]]>
            </line>
            <line>
              <![CDATA[clicked on submit button]]>
            </line>
          </reporter-output>
        </test-method> <!-- tc001 -->
        <test-method status="PASS" signature="checkStatus(org.testng.ITestResult)[pri:0, instance:TestFramework.TestCases@5faeada1]" name="checkStatus" is-config="true" duration-ms="3" started-at="2018-05-19T10:21:15Z" finished-at="2018-05-19T10:21:15Z">
          <params>
            <param index="0">
              <value>
                <![CDATA[[TestResult name=tc001 status=SUCCESS method=TestCases.tc001()[pri:0, instance:TestFramework.TestCases@5faeada1] output=Firstname entered]]]>
              </value>
            </param>
          </params>
          <reporter-output>
          </reporter-output>
        </test-method> <!-- checkStatus -->
        <test-method status="PASS" signature="launchBrowser()[pri:0, instance:TestFramework.TestCases@5faeada1]" name="launchBrowser" is-config="true" duration-ms="12374" started-at="2018-05-19T10:21:15Z" finished-at="2018-05-19T10:21:27Z">
          <reporter-output>
            <line>
              <![CDATA[Browser Launched and URL opened]]>
            </line>
          </reporter-output>
        </test-method> <!-- launchBrowser -->
        <test-method status="PASS" signature="tc002()[pri:1, instance:TestFramework.TestCases@5faeada1]" name="tc002" duration-ms="302" started-at="2018-05-19T10:21:27Z" description="Enter Last NAME" finished-at="2018-05-19T10:21:28Z">
          <reporter-output>
          </reporter-output>
        </test-method> <!-- tc002 -->
        <test-method status="PASS" signature="checkStatus(org.testng.ITestResult)[pri:0, instance:TestFramework.TestCases@5faeada1]" name="checkStatus" is-config="true" duration-ms="0" started-at="2018-05-19T10:21:28Z" finished-at="2018-05-19T10:21:28Z">
          <params>
            <param index="0">
              <value>
                <![CDATA[[TestResult name=tc002 status=SUCCESS method=TestCases.tc002()[pri:1, instance:TestFramework.TestCases@5faeada1] output={null}]]]>
              </value>
            </param>
          </params>
          <reporter-output>
          </reporter-output>
        </test-method> <!-- checkStatus -->
      </class> <!-- TestFramework.TestCases -->
    </test> <!-- Default test -->
  </suite> <!-- Default suite -->
</testng-results>
